TN:
SF:src\app.js
FN:13,(anonymous_0)
FNF:1
FNH:0
FNDA:0,(anonymous_0)
DA:1,1
DA:2,1
DA:4,1
DA:7,1
DA:10,1
DA:13,1
DA:14,0
DA:18,1
LF:8
LH:7
BRF:0
BRH:0
end_of_record
TN:
SF:src\controllers\user.controller.js
FN:7,getAllUsers
FN:14,createUser
FNF:2
FNH:1
FNDA:1,getAllUsers
FNDA:0,createUser
DA:2,1
DA:8,1
DA:15,0
DA:18,0
DA:19,0
DA:23,0
DA:30,0
DA:33,0
DA:36,1
LF:9
LH:3
BRDA:18,0,0,0
BRDA:18,0,1,0
BRDA:18,1,0,0
BRDA:18,1,1,0
BRF:4
BRH:0
end_of_record
TN:
SF:src\routes\user.routes.js
FNF:0
FNH:0
DA:1,1
DA:2,1
DA:4,1
DA:7,1
DA:10,1
DA:12,1
LF:6
LH:6
BRF:0
BRH:0
end_of_record
